<?xml version="1.0" encoding="UTF-8"?>
<!-- Generated by org.testng.reporters.JUnitReportReporter -->
<testsuite hostname="tflaptop-41-PC" name="Scripts.CompareWtoE" tests="1" failures="0" timestamp="17 Aug 2015 11:41:11 GMT" time="59.049" errors="0">
  <testcase name="main" time="59.049" classname="Scripts.CompareWtoE"/>
</testsuite> <!-- Scripts.CompareWtoE -->
