<?xml version="1.0" encoding="UTF-8"?>
<!-- Generated by org.testng.reporters.JUnitReportReporter -->
<testsuite hostname="tflaptop-41-PC" name="Scripts.Report_webtable_to_excel" tests="1" failures="0" timestamp="17 Aug 2015 11:37:59 GMT" time="80.911" errors="0">
  <testcase name="Table1A" time="80.911" classname="Scripts.Report_webtable_to_excel"/>
</testsuite> <!-- Scripts.Report_webtable_to_excel -->
